load macros from : ../data/python/Python-3.7.0.macro.dat
PyOutline_Create
PyImaging_DecoderNew
PyString_FromFormat
PyImaging_TgaRleEncoderNew
PyImaging_RawEncoderNew
PyImaging_Mapper
PyInt_FromLong
PyImaging_JpegDecoderNew
PyImaging_GrabClipboardWin32
PyOutline_AsOutline
PyImagingPhotoGet
PyImaging_HexDecoderNew
PyImaging_BcnDecoderNew
PyImaging_ListWindowsWin32
PyImaging_EncoderNew
PyImaging_Jpeg2KEncoderNew
PyString_AsString
PyInt_FromSsize_t
PyDateTime_FromDateAndTime
PyImagingNew
PyImaging_BitDecoderNew
PyImaging_Jpeg2KDecoderNew
PyImaging_ZipEncoderNew
PyImaging_MapBuffer
PyImaging_EventLoopWin32
Py_InitModule
PyImaging_EpsEncoderNew
PyImaging_LibTiffDecoderNew
PyImaging_ZipDecoderNew
PyPath_Flatten
PyImaging_GrabScreenWin32
PyPath_Check
PyImagingPhotoPut
PyImaging_PackbitsDecoderNew
PyImaging_PcdDecoderNew
PyImaging_XbmEncoderNew
PyImaging_MapperNew
PyImaging_TgaRleDecoderNew
PyImaging_FliDecoderNew
PyImaging_SunRleDecoderNew
PyImaging_PcxEncoderNew
PyImaging_LibTiffEncoderNew
PyOutline_Check
PyString_AS_STRING
PyInt_AS_LONG
PyString_Check
PyImaging_SgiRleDecoderNew
PyString_GET_SIZE
PyImaging_GetBuffer
PyImaging_GifDecoderNew
PyImaging_GifEncoderNew
PyString_FromString
PyInt_Check
PyString_FromStringAndSize
PyImaging_RawDecoderNew
PyImaging_DrawWmf
PyImaging_DisplayModeWin32
PyImaging_DisplayWin32
PyImaging_JpegEncoderNew
PyInt_AsLong
PyImaging_AsImaging
PyImaging_CreateWindowWin32
PyPath_Create
PyImaging_XbmDecoderNew
PyUnicode_FromWideChar
PyInt_AsSsize_t
PyImaging_PcxDecoderNew
PyImaging_CheckBuffer
PyImaging_Check
69 API out of Python-3.7.0 C-APIs
